<?xml version="1.0" encoding="UTF-8"?>
<!-- Generated by org.testng.reporters.JUnitReportReporter -->
<testsuite skipped="0" hostname="DESKTOP-GE9MV89" name="com.sanjeev.tests.regressionTests.RegressionTests" tests="2" failures="0" timestamp="14 Mar 2021 17:04:45 GMT" time="21.225" errors="0">
  <testcase name="loginTestFacebook" time="10.611" classname="com.sanjeev.tests.regressionTests.RegressionTests"/>
  <testcase name="loginTestFacebookWithValidUser" time="10.614" classname="com.sanjeev.tests.regressionTests.RegressionTests"/>
</testsuite> <!-- com.sanjeev.tests.regressionTests.RegressionTests -->
